
Start time     : 2018-01-27T04:46:08
Program name   : esorex
Severity level : [ INFO  ] 

04:46:08 [ INFO  ] : [tid=000] Esorex, version 3.12
04:46:08 [ INFO  ] : [tid=000] using the libraries: CPL = 6.6.1, CFITSIO = 3.37, WCSLIB, FFTW (double and single precision), OPENMP = 201307

04:46:08 [ INFO  ] uves_initialize: [tid=000] **********************************
04:46:08 [ INFO  ] uves_initialize: [tid=000] *** FLAMES/UVES Pipeline 5.5.7 ***
04:46:08 [ INFO  ] uves_initialize: [tid=000] ***  Recipe: uves_obs_scired   ***
04:46:08 [ INFO  ] uves_initialize: [tid=000] **********************************
04:46:08 [ INFO  ] uves_initialize: [tid=000] This recipe reduces a science frame
04:46:08 [ INFO  ] uves_initialize: [tid=000]   Input frames
04:46:08 [ INFO  ] uves_print_cpl_frame: [tid=000]     RAW     SCIENCE_RED          '/home/chris/Documents/Exoplanet_Research/HD189733/raw_data/UVES.2012-07-01T08:40:08.232.fits'
04:46:08 [ INFO  ] uves_print_cpl_frame: [tid=000]     CALIB   ORDER_TABLE_REDL     '/home/chris/Documents/Exoplanet_Research/HD189733/pro_path/ordertable_redl.fits'
04:46:08 [ INFO  ] uves_print_cpl_frame: [tid=000]     CALIB   ORDER_TABLE_REDU     '/home/chris/Documents/Exoplanet_Research/HD189733/pro_path/ordertable_redu.fits'
04:46:08 [ INFO  ] uves_print_cpl_frame: [tid=000]     CALIB   LINE_TABLE_REDL      '/home/chris/Documents/Exoplanet_Research/HD189733/pro_path/linetable_redl.fits'
04:46:08 [ INFO  ] uves_print_cpl_frame: [tid=000]     CALIB   LINE_TABLE_REDU      '/home/chris/Documents/Exoplanet_Research/HD189733/pro_path/linetable_redu.fits'
04:46:08 [ INFO  ] uves_print_cpl_frame: [tid=000]     CALIB   MASTER_BIAS_REDL     '/home/chris/Documents/Exoplanet_Research/HD189733/pro_path/masterbias_redl.fits'
04:46:08 [ INFO  ] uves_print_cpl_frame: [tid=000]     CALIB   MASTER_BIAS_REDU     '/home/chris/Documents/Exoplanet_Research/HD189733/pro_path/masterbias_redu.fits'
04:46:08 [ INFO  ] uves_print_cpl_frame: [tid=000]     CALIB   MASTER_FLAT_REDL     '/home/chris/Documents/Exoplanet_Research/HD189733/pro_path/masterflat_redl.fits'
04:46:08 [ INFO  ] uves_print_cpl_frame: [tid=000]     CALIB   MASTER_FLAT_REDU     '/home/chris/Documents/Exoplanet_Research/HD189733/pro_path/masterflat_redu.fits'
04:46:08 [ INFO  ] uves_print_cpl_frame: [tid=000]     CALIB   EXTCOEFF_TABLE       '/home/chris/Documents/Exoplanet_Research/HD189733/raw_data/M.UVES.2008-10-31T21:02:17.709.fits'
04:46:08 [ INFO  ] uves_print_cpl_frame: [tid=000]     CALIB   MASTER_RESPONSE_REDL '/home/chris/Documents/Exoplanet_Research/HD189733/raw_data/M.UVES.2013-05-15T16:36:15.732.fits'
04:46:08 [ INFO  ] uves_print_cpl_frame: [tid=000]     CALIB   MASTER_RESPONSE_REDU '/home/chris/Documents/Exoplanet_Research/HD189733/raw_data/M.UVES.2013-05-17T14:22:09.914.fits'
04:46:08 [ INFO  ] load_raw_image: [tid=000]       Raw frame is red, new format, file '/home/chris/Documents/Exoplanet_Research/HD189733/raw_data/UVES.2012-07-01T08:40:08.232.fits' has 2 extensions
04:46:08 [ INFO  ] uves_crop_and_rotate: [tid=000]       Raw image cropped and rotated from 2048x4096 to 4096x2048
04:46:09 [ INFO  ] uves_crop_and_rotate: [tid=000]       Raw image cropped and rotated from 2048x4096 to 4096x2048
04:46:09 [ INFO  ] uves_reduce_scired: [tid=000]   Using atmospheric extinction table in '/home/chris/Documents/Exoplanet_Research/HD189733/raw_data/M.UVES.2008-10-31T21:02:17.709.fits'
04:46:09 [ INFO  ] uves_reduce_scired: [tid=000] Processing REDL chip in '/home/chris/Documents/Exoplanet_Research/HD189733/raw_data/UVES.2012-07-01T08:40:08.232.fits'
04:46:09 [ INFO  ] uves_reduce_scired: [tid=000]   Using master bias in '/home/chris/Documents/Exoplanet_Research/HD189733/pro_path/masterbias_redl.fits'
04:46:09 [ INFO  ] uves_reduce_scired: [tid=000]   No master dark in SOF. Dark subtraction not done
04:46:09 [ INFO  ] uves_reduce_scired: [tid=000]   Using master flat in '/home/chris/Documents/Exoplanet_Research/HD189733/pro_path/masterflat_redl.fits'
04:46:09 [ INFO  ] uves_reduce_scired: [tid=000]   Using order table in '/home/chris/Documents/Exoplanet_Research/HD189733/pro_path/ordertable_redl.fits'
04:46:09 [ INFO  ] uves_reduce_scired: [tid=000]   Using master response curve in '/home/chris/Documents/Exoplanet_Research/HD189733/raw_data/M.UVES.2013-05-15T16:36:15.732.fits'
04:46:09 [ INFO  ] uves_reduce_scired: [tid=000]   Using line table(s) in '/home/chris/Documents/Exoplanet_Research/HD189733/pro_path/linetable_redl.fits'
04:46:09 [ INFO  ] uves_reduce_scired: [tid=000]   Using line table(s) in '/home/chris/Documents/Exoplanet_Research/HD189733/pro_path/linetable_redl.fits'
04:46:09 [ INFO  ] uves_reduce_scired: [tid=000]   Using line table(s) in '/home/chris/Documents/Exoplanet_Research/HD189733/pro_path/linetable_redl.fits'
04:46:09 [ INFO  ] uves_paste_wave_accuracy: [tid=000] paste wave accuracy
04:46:09 [ INFO  ] uves_scired_process_chip: [tid=000]   Reducing science object
04:46:09 [ INFO  ] uves_reduce: [tid=000]     Subtracting master bias
04:46:09 [ INFO  ] uves_reduce: [tid=000]     Skipping dark subtraction
04:46:09 [ INFO  ] uves_reduce: [tid=000]     Creating noise image
04:46:09 [ INFO  ] uves_reduce: [tid=000]     Subtracting inter-order background
04:46:09 [ INFO  ] uves_backsub_spline: [tid=000]       Sample window (pixels): radx, rady = 24, 2
04:46:09 [ INFO  ] uves_backsub_spline: [tid=000]       Smoothing window (pixels): smox, smoy = 300, 200
04:46:09 [ INFO  ] uves_backsub_spline: [tid=000]       Subtracting background image
04:46:09 [ INFO  ] uves_reduce: [tid=000]     Creating master flat noise image
04:46:09 [ INFO  ] uves_reduce: [tid=000]     Slit length = 41.96 pixels
04:46:09 [ INFO  ] extract_ff_rebin_merge: [tid=000]       Extracting object
04:46:10 [WARNING] uves_image_filter_wrapper: [tid=000]           nx[4096], ny[2048], ncol[7], nrow[7]
04:46:13 [ INFO  ] uves_extract: [tid=000]         Estimated S/N is 248.03, auto-selecting profile measuring method 'virtual'
04:46:13 [ INFO  ] uves_extract: [tid=000]         Estimated S/N is 248.03, auto-selecting oversampling factor = 10
04:46:13 [ INFO  ] uves_extract: [tid=000]           Slit length = 42.0 pixels; offset = 0.0 pixel(s)
04:46:13 [ INFO  ] uves_extract: [tid=000]         nblemish=126198 frac=0.015044
04:46:13 [ INFO  ] uves_extract: [tid=000]         Refining order definition using the object frame
04:46:15 [ INFO  ] uves_polynomial_regression_2d_autodegree: [tid=000]             (0, 0)-degree: RMS = 574 pixels (0/10661 outliers)
04:46:15 [ INFO  ] uves_polynomial_regression_2d_autodegree: [tid=000]             (0,1)-degree: RMS = 53.9 pixels (0/10661 outliers)
04:46:15 [ INFO  ] uves_polynomial_regression_2d_autodegree: [tid=000]             (0,2)-degree: RMS = 34.7 pixels (0/10661 outliers)
04:46:15 [ INFO  ] uves_polynomial_regression_2d_autodegree: [tid=000]             (1,0)-degree: RMS = 574 pixels (0/10661 outliers)
04:46:15 [ INFO  ] uves_polynomial_regression_2d_autodegree: [tid=000]             (1,1)-degree: RMS = 41.5 pixels (0/10661 outliers)
04:46:15 [ INFO  ] uves_polynomial_regression_2d_autodegree: [tid=000]             (2,0)-degree: RMS = 574 pixels (0/10661 outliers)
04:46:15 [ INFO  ] uves_polynomial_regression_2d_autodegree: [tid=000]             (0,3)-degree: RMS = 34.7 pixels (0/10661 outliers)
04:46:15 [ INFO  ] uves_polynomial_regression_2d_autodegree: [tid=000]             (1,2)-degree: RMS = 3.24 pixels (5/10661 outliers)
04:46:15 [ INFO  ] uves_polynomial_regression_2d_autodegree: [tid=000]             (2,1)-degree: RMS = 41.4 pixels (0/10661 outliers)
04:46:15 [ INFO  ] uves_polynomial_regression_2d_autodegree: [tid=000]             (0,4)-degree: RMS = 34.7 pixels (0/10661 outliers)
04:46:15 [ INFO  ] uves_polynomial_regression_2d_autodegree: [tid=000]             (1,3)-degree: RMS = 1.7 pixels (11/10661 outliers)
04:46:15 [ INFO  ] uves_polynomial_regression_2d_autodegree: [tid=000]             (2,2)-degree: RMS = 2.82 pixels (6/10661 outliers)
04:46:15 [ INFO  ] uves_polynomial_regression_2d_autodegree: [tid=000]             (1,4)-degree: RMS = 1.68 pixels (11/10661 outliers)
04:46:15 [ INFO  ] uves_polynomial_regression_2d_autodegree: [tid=000]             (2,3)-degree: RMS = 0.231 pixels (49/10661 outliers)
04:46:15 [ INFO  ] uves_polynomial_regression_2d_autodegree: [tid=000]             (3,2)-degree: RMS = 2.82 pixels (6/10661 outliers)
04:46:15 [ INFO  ] uves_polynomial_regression_2d_autodegree: [tid=000]             (1,5)-degree: RMS = 1.68 pixels (11/10661 outliers)
04:46:15 [ INFO  ] uves_polynomial_regression_2d_autodegree: [tid=000]             (2,4)-degree: RMS = 0.028 pixels (1336/10661 outliers)
04:46:15 [ INFO  ] uves_polynomial_regression_2d_autodegree: [tid=000]             (3,3)-degree: RMS = 0.219 pixels (35/10661 outliers)
04:46:15 [ INFO  ] uves_polynomial_regression_2d_autodegree: [tid=000]             (2,5)-degree: RMS = 0.0201 pixels (1543/10661 outliers)
04:46:15 [ INFO  ] uves_polynomial_regression_2d_autodegree: [tid=000]             (3,4)-degree: RMS = 0.0286 pixels (1313/10661 outliers)
04:46:15 [ INFO  ] uves_polynomial_regression_2d_autodegree: [tid=000]             (4,3)-degree: RMS = 0.209 pixels (36/10661 outliers)
04:46:15 [ INFO  ] uves_polynomial_regression_2d_autodegree: [tid=000]             Using degree (2, 4), RMS = 0.028 pixels
04:46:15 [ INFO  ] repeat_orderdef: [tid=000]           Average shift with respect to calibration solution is 9.88 pixels
04:46:15 [ INFO  ] opt_extract_sky: [tid=000]           Defining sky region
04:46:15 [ INFO  ] opt_extract_sky: [tid=000]             25/45 sky pixels
04:46:15 [ INFO  ] opt_extract_sky: [tid=000]           Subtracting sky (method = median of sky channels)
04:46:16 [ INFO  ] uves_extract: [tid=000]         Measuring spatial profile (method = virtual, oversampling = 10)
04:46:16 [ INFO  ] opt_measure_profile: [tid=000]             Fitting global polynomials to resampled profile (450 spatial bins)
04:46:43 [ INFO  ] uves_extract: [tid=000]         Extracting object and sky (method = optimal)
04:46:44 [ INFO  ] uves_extract: [tid=000]         Order #1: S/N = 111.94
04:46:44 [ INFO  ] uves_extract: [tid=000]         Order #2: S/N = 150.02
04:46:44 [ INFO  ] uves_extract: [tid=000]         Order #3: S/N = 170.63
04:46:44 [ INFO  ] uves_extract: [tid=000]         Order #4: S/N = 189.66
04:46:44 [ INFO  ] uves_extract: [tid=000]         Order #5: S/N = 208.68
04:46:44 [ INFO  ] uves_extract: [tid=000]         Order #6: S/N = 223.54
04:46:44 [ INFO  ] uves_extract: [tid=000]         Order #7: S/N = 234.66
04:46:44 [ INFO  ] uves_extract: [tid=000]         Order #8: S/N = 241.07
04:46:45 [ INFO  ] uves_extract: [tid=000]         Order #9: S/N = 247.18
04:46:45 [ INFO  ] uves_extract: [tid=000]         Order #10: S/N = 252.82
04:46:45 [ INFO  ] uves_extract: [tid=000]         Order #11: S/N = 253.73
04:46:45 [ INFO  ] uves_extract: [tid=000]         Order #12: S/N = 251.95
04:46:45 [ INFO  ] uves_extract: [tid=000]         Order #13: S/N = 255.96
04:46:45 [ INFO  ] uves_extract: [tid=000]         Order #14: S/N = 252.40
04:46:45 [ INFO  ] uves_extract: [tid=000]         Order #15: S/N = 257.05
04:46:46 [ INFO  ] uves_extract: [tid=000]         Order #16: S/N = 263.34
04:46:46 [ INFO  ] uves_extract: [tid=000]         Order #17: S/N = 267.02
04:46:46 [ INFO  ] uves_extract: [tid=000]         Order #18: S/N = 268.06
04:46:46 [ INFO  ] uves_extract: [tid=000]         Order #19: S/N = 267.23
04:46:46 [ INFO  ] uves_extract: [tid=000]         Order #20: S/N = 267.55
04:46:46 [ INFO  ] uves_extract: [tid=000]         Order #21: S/N = 264.93
04:46:46 [ INFO  ] uves_extract: [tid=000]         Order #22: S/N = 257.90
04:46:47 [ INFO  ] uves_extract: [tid=000]         Order #23: S/N = 247.03
04:46:47 [ INFO  ] uves_extract: [tid=000]         Order #24: S/N = 253.26
04:46:47 [ INFO  ] uves_extract: [tid=000]         Order #25: S/N = 238.50
04:46:47 [ INFO  ] uves_extract: [tid=000]         Order #26: S/N = 223.63
04:46:47 [ INFO  ] uves_extract: [tid=000]         Order #27: S/N = 180.64
04:46:47 [ INFO  ] uves_extract: [tid=000]         Average S/N = 183.086
04:46:47 [ INFO  ] uves_extract: [tid=000]           Recomputing pixel variances
04:46:50 [ INFO  ] uves_extract: [tid=000]         Extracting object and sky (method = optimal)
04:46:50 [ INFO  ] uves_extract: [tid=000]         Order #1: S/N = 113.27
04:46:50 [ INFO  ] uves_extract: [tid=000]         Order #2: S/N = 151.25
04:46:50 [ INFO  ] uves_extract: [tid=000]         Order #3: S/N = 171.79
04:46:50 [ INFO  ] uves_extract: [tid=000]         Order #4: S/N = 190.82
04:46:50 [ INFO  ] uves_extract: [tid=000]         Order #5: S/N = 209.87
04:46:51 [ INFO  ] uves_extract: [tid=000]         Order #6: S/N = 224.78
04:46:51 [ INFO  ] uves_extract: [tid=000]         Order #7: S/N = 235.86
04:46:51 [ INFO  ] uves_extract: [tid=000]         Order #8: S/N = 242.31
04:46:51 [ INFO  ] uves_extract: [tid=000]         Order #9: S/N = 248.42
04:46:51 [ INFO  ] uves_extract: [tid=000]         Order #10: S/N = 254.03
04:46:51 [ INFO  ] uves_extract: [tid=000]         Order #11: S/N = 255.00
04:46:51 [ INFO  ] uves_extract: [tid=000]         Order #12: S/N = 253.17
04:46:52 [ INFO  ] uves_extract: [tid=000]         Order #13: S/N = 257.17
04:46:52 [ INFO  ] uves_extract: [tid=000]         Order #14: S/N = 253.65
04:46:52 [ INFO  ] uves_extract: [tid=000]         Order #15: S/N = 258.34
04:46:52 [ INFO  ] uves_extract: [tid=000]         Order #16: S/N = 264.58
04:46:52 [ INFO  ] uves_extract: [tid=000]         Order #17: S/N = 268.36
04:46:52 [ INFO  ] uves_extract: [tid=000]         Order #18: S/N = 269.39
04:46:52 [ INFO  ] uves_extract: [tid=000]         Order #19: S/N = 268.54
04:46:52 [ INFO  ] uves_extract: [tid=000]         Order #20: S/N = 268.80
04:46:53 [ INFO  ] uves_extract: [tid=000]         Order #21: S/N = 266.15
04:46:53 [ INFO  ] uves_extract: [tid=000]         Order #22: S/N = 259.04
04:46:53 [ INFO  ] uves_extract: [tid=000]         Order #23: S/N = 248.20
04:46:53 [ INFO  ] uves_extract: [tid=000]         Order #24: S/N = 254.39
04:46:53 [ INFO  ] uves_extract: [tid=000]         Order #25: S/N = 239.64
04:46:53 [ INFO  ] uves_extract: [tid=000]         Order #26: S/N = 224.53
04:46:53 [ INFO  ] uves_extract: [tid=000]         Order #27: S/N = 181.39
04:46:53 [ INFO  ] uves_extract: [tid=000]         Average S/N = 184.042
04:46:53 [ INFO  ] extract_ff_rebin_merge: [tid=000]         246 hot pixels were detected during optimal extraction
04:46:53 [ INFO  ] extract_ff_rebin_merge: [tid=000]       Extracting master flat field
04:46:53 [ INFO  ] uves_extract: [tid=000]           Slit length = 42.0 pixels; offset = 0.0 pixel(s)
04:46:53 [ INFO  ] uves_extract: [tid=000]         Extracting object (method = weighted)
04:46:54 [ INFO  ] extract_ff_rebin_merge: [tid=000]       Rebinning master flat spectrum
04:46:54 [ INFO  ] uves_get_wave_map: [tid=000]         Creating wave map
04:46:54 [ INFO  ] uves_save_image_local: [tid=000]         Wave map saved to 'wave_map_redl.fits'
04:46:54 [ INFO  ] extract_ff_rebin_merge: [tid=000]       Dividing by normalized master flat-field (method = extract)
04:46:54 [ INFO  ] extract_ff_rebin_merge: [tid=000]       Rebinning spectrum
04:46:54 [ INFO  ] interpolate_wave: [tid=000]         Interpolating dispersion relation at offset = -7.03
04:46:54 [ INFO  ] extract_ff_rebin_merge: [tid=000]       Rebinning spectrum noise
04:46:54 [ INFO  ] extract_ff_rebin_merge: [tid=000]       Rebinning sky spectrum
04:46:54 [ INFO  ] interpolate_wave: [tid=000]         Interpolating dispersion relation at offset = 0.00
04:46:54 [ INFO  ] extract_ff_rebin_merge: [tid=000]       Rebinning sky spectrum noise
04:46:55 [ INFO  ] extract_ff_rebin_merge: [tid=000]       Rebinning pre-flatfielded spectrum
04:46:55 [ INFO  ] extract_ff_rebin_merge: [tid=000]       Merging sky
04:46:55 [ INFO  ] uves_merge_orders: [tid=000]         delt1=0.000000 delt2=0.000000
04:46:55 [ INFO  ] extract_ff_rebin_merge: [tid=000]       Merging spectrum
04:46:55 [ INFO  ] uves_merge_orders: [tid=000]         delt1=0.000000 delt2=0.000000
04:46:55 [ INFO  ] uves_scired_process_chip: [tid=000]   Flux calibrating spectrum
04:46:55 [ INFO  ] uves_normalize_spectrum: [tid=000]     Correcting for exposure time = 44.999000 s, gain = 0.680000, binx = 1
04:46:55 [ INFO  ] uves_normalize_spectrum: [tid=000]     Correcting for extinction through airmass 2.039500
04:46:55 [ INFO  ] uves_scired_process_chip: [tid=000]   Multiplying by response function
04:46:55 [ INFO  ] uves_reduce_scired: [tid=000] Saving products...
04:46:55 [ INFO  ] uves_reduce_scired: [tid=000] Reduced science spectrum 'red_science_redl.fits' (RED_SCIENCE_REDL) added to frameset
04:46:55 [ INFO  ] uves_reduce_scired: [tid=000] Merged science spectrum 'merged_science_redl.fits' (MERGED_SCIENCE_REDL) added to frameset
04:46:55 [ INFO  ] uves_reduce_scired: [tid=000] Wavelength calibrated science spectrum 'resampled_science_redl.fits' (WCALIB_SCIENCE_REDL) added to frameset
04:46:55 [ INFO  ] uves_frameset_insert: [tid=000]   inside has bscale
04:46:55 [ INFO  ] uves_reduce_scired: [tid=000] Extraction quality table 'order_extract_qc_redl.fits' (ORDER_EXTRACT_QC_REDL) added to frameset
04:46:55 [ INFO  ] uves_reduce_scired: [tid=000] Wavelength calibrated flat-fielded science spectrum 'resampled_ff_science_redl.fits' (WCALIB_FF_SCIENCE_REDL) added to frameset
04:46:55 [ INFO  ] uves_reduce_scired: [tid=000] Wavelength calibrated flat-fielded science spectrum error 'resampled_error_ff_science_redl.fits' (ERRORBAR_WCALIB_FF_SCIENCE_REDL) added to frameset
04:46:55 [ INFO  ] uves_reduce_scired: [tid=000] Wavelength calibrated flat-field spectrum 'resampled_mflat_redl.fits' (WCALIB_FLAT_OBJ_REDL) added to frameset
04:46:55 [ INFO  ] uves_reduce_scired: [tid=000] Science spectrum error 'error_red_science_redl.fits' (ERRORBAR_SCIENCE_REDL) added to frameset
04:46:55 [ INFO  ] uves_reduce_scired: [tid=000] Flat-fielded spectrum variance 'variance_ff_science_redl.fits' (VARIANCE_SCIENCE_REDL) added to frameset
04:46:55 [ INFO  ] uves_frameset_insert: [tid=000]   inside has bscale
04:46:55 [ INFO  ] uves_reduce_scired: [tid=000] Background image 'background_redl.fits' (BKG_SCI_REDL) added to frameset
04:46:55 [ INFO  ] uves_reduce_scired: [tid=000] Order trace table 'ordertrace_redl.fits' (ORDER_TRACE_REDL) added to frameset
04:46:55 [ INFO  ] uves_reduce_scired: [tid=000] Cosmic ray table 'cr_mask_redl.fits' (CRMASK_REDL) added to frameset
04:46:56 [ INFO  ] uves_reduce_scired: [tid=000] Wave map 'wave_map_redl.fits' (WAVE_MAP_REDL) added to frameset
04:46:56 [ INFO  ] uves_reduce_scired: [tid=000] Sky spectrum 'merged_sky_redl.fits' (MERGED_SKY_REDL) added to frameset
04:46:56 [ INFO  ] uves_frameset_insert: [tid=000]   inside has bscale
04:46:56 [ INFO  ] uves_reduce_scired: [tid=000] Flux-calibrated science spectrum 'fluxcal_science_redl.fits' (FLUXCAL_SCIENCE_REDL) added to frameset
04:46:56 [ INFO  ] uves_frameset_insert: [tid=000]   inside has bscale
04:46:56 [ INFO  ] uves_reduce_scired: [tid=000] Flux-calibrated science spectrum error 'fluxcal_error_science_redl.fits' (FLUXCAL_ERRORBAR_SCIENCE_REDL) added to frameset
04:46:56 [ INFO  ] uves_reduce_scired: [tid=000] Processing REDU chip in '/home/chris/Documents/Exoplanet_Research/HD189733/raw_data/UVES.2012-07-01T08:40:08.232.fits'
04:46:56 [ INFO  ] uves_reduce_scired: [tid=000]   Using master bias in '/home/chris/Documents/Exoplanet_Research/HD189733/pro_path/masterbias_redu.fits'
04:46:56 [ INFO  ] uves_reduce_scired: [tid=000]   No master dark in SOF. Dark subtraction not done
04:46:56 [ INFO  ] uves_reduce_scired: [tid=000]   Using master flat in '/home/chris/Documents/Exoplanet_Research/HD189733/pro_path/masterflat_redu.fits'
04:46:56 [ INFO  ] uves_reduce_scired: [tid=000]   Using order table in '/home/chris/Documents/Exoplanet_Research/HD189733/pro_path/ordertable_redu.fits'
04:46:56 [ INFO  ] uves_reduce_scired: [tid=000]   Using master response curve in '/home/chris/Documents/Exoplanet_Research/HD189733/raw_data/M.UVES.2013-05-17T14:22:09.914.fits'
04:46:56 [ INFO  ] uves_reduce_scired: [tid=000]   Using line table(s) in '/home/chris/Documents/Exoplanet_Research/HD189733/pro_path/linetable_redu.fits'
04:46:56 [ INFO  ] uves_reduce_scired: [tid=000]   Using line table(s) in '/home/chris/Documents/Exoplanet_Research/HD189733/pro_path/linetable_redu.fits'
04:46:56 [ INFO  ] uves_reduce_scired: [tid=000]   Using line table(s) in '/home/chris/Documents/Exoplanet_Research/HD189733/pro_path/linetable_redu.fits'
04:46:56 [ INFO  ] uves_paste_wave_accuracy: [tid=000] paste wave accuracy
04:46:56 [ INFO  ] uves_scired_process_chip: [tid=000]   Reducing science object
04:46:56 [ INFO  ] uves_reduce: [tid=000]     Subtracting master bias
04:46:56 [ INFO  ] uves_reduce: [tid=000]     Skipping dark subtraction
04:46:56 [ INFO  ] uves_reduce: [tid=000]     Creating noise image
04:46:56 [ INFO  ] uves_reduce: [tid=000]     Subtracting inter-order background
04:46:56 [ INFO  ] uves_backsub_spline: [tid=000]       Sample window (pixels): radx, rady = 24, 2
04:46:56 [ INFO  ] uves_backsub_spline: [tid=000]       Smoothing window (pixels): smox, smoy = 300, 200
04:46:56 [ INFO  ] uves_backsub_spline: [tid=000]       Subtracting background image
04:46:56 [ INFO  ] uves_reduce: [tid=000]     Creating master flat noise image
04:46:57 [ INFO  ] uves_reduce: [tid=000]     Slit length = 41.96 pixels
04:46:57 [ INFO  ] extract_ff_rebin_merge: [tid=000]       Extracting object
04:46:57 [WARNING] uves_image_filter_wrapper: [tid=000]           nx[4096], ny[2048], ncol[7], nrow[7]
04:47:00 [ INFO  ] uves_extract: [tid=000]         Estimated S/N is 274.37, auto-selecting profile measuring method 'virtual'
04:47:00 [ INFO  ] uves_extract: [tid=000]         Estimated S/N is 274.37, auto-selecting oversampling factor = 10
04:47:00 [ INFO  ] uves_extract: [tid=000]           Slit length = 42.0 pixels; offset = 0.0 pixel(s)
04:47:00 [ INFO  ] uves_extract: [tid=000]         nblemish=39144 frac=0.00466633
04:47:00 [ INFO  ] uves_extract: [tid=000]         Refining order definition using the object frame
04:47:01 [ INFO  ] uves_polynomial_regression_2d_autodegree: [tid=000]             (0, 0)-degree: RMS = 570 pixels (0/6287 outliers)
04:47:01 [ INFO  ] uves_polynomial_regression_2d_autodegree: [tid=000]             (0,1)-degree: RMS = 52.4 pixels (0/6287 outliers)
04:47:01 [ INFO  ] uves_polynomial_regression_2d_autodegree: [tid=000]             (0,2)-degree: RMS = 40.3 pixels (0/6287 outliers)
04:47:01 [ INFO  ] uves_polynomial_regression_2d_autodegree: [tid=000]             (1,0)-degree: RMS = 569 pixels (0/6287 outliers)
04:47:01 [ INFO  ] uves_polynomial_regression_2d_autodegree: [tid=000]             (1,1)-degree: RMS = 31.2 pixels (0/6287 outliers)
04:47:01 [ INFO  ] uves_polynomial_regression_2d_autodegree: [tid=000]             (2,0)-degree: RMS = 569 pixels (0/6287 outliers)
04:47:01 [ INFO  ] uves_polynomial_regression_2d_autodegree: [tid=000]             (0,3)-degree: RMS = 40.3 pixels (0/6287 outliers)
04:47:01 [ INFO  ] uves_polynomial_regression_2d_autodegree: [tid=000]             (1,2)-degree: RMS = 2.15 pixels (1/6287 outliers)
04:47:01 [ INFO  ] uves_polynomial_regression_2d_autodegree: [tid=000]             (2,1)-degree: RMS = 31.2 pixels (0/6287 outliers)
04:47:01 [ INFO  ] uves_polynomial_regression_2d_autodegree: [tid=000]             (1,3)-degree: RMS = 0.639 pixels (1/6287 outliers)
04:47:01 [ INFO  ] uves_polynomial_regression_2d_autodegree: [tid=000]             (2,2)-degree: RMS = 2.08 pixels (1/6287 outliers)
04:47:01 [ INFO  ] uves_polynomial_regression_2d_autodegree: [tid=000]             (3,1)-degree: RMS = 31.2 pixels (0/6287 outliers)
04:47:01 [ INFO  ] uves_polynomial_regression_2d_autodegree: [tid=000]             (1,4)-degree: RMS = 0.591 pixels (1/6287 outliers)
04:47:01 [ INFO  ] uves_polynomial_regression_2d_autodegree: [tid=000]             (2,3)-degree: RMS = 0.428 pixels (1/6287 outliers)
04:47:01 [ INFO  ] uves_polynomial_regression_2d_autodegree: [tid=000]             (3,2)-degree: RMS = 2.08 pixels (1/6287 outliers)
04:47:01 [ INFO  ] uves_polynomial_regression_2d_autodegree: [tid=000]             (1,5)-degree: RMS = 0.572 pixels (2/6287 outliers)
04:47:01 [ INFO  ] uves_polynomial_regression_2d_autodegree: [tid=000]             (2,4)-degree: RMS = 0.292 pixels (276/6287 outliers)
04:47:01 [ INFO  ] uves_polynomial_regression_2d_autodegree: [tid=000]             (3,3)-degree: RMS = 0.426 pixels (1/6287 outliers)
04:47:01 [ INFO  ] uves_polynomial_regression_2d_autodegree: [tid=000]             (2,5)-degree: RMS = 0.309 pixels (44/6287 outliers)
04:47:01 [ INFO  ] uves_polynomial_regression_2d_autodegree: [tid=000]             (3,4)-degree: RMS = 0.349 pixels (3/6287 outliers)
04:47:01 [ INFO  ] uves_polynomial_regression_2d_autodegree: [tid=000]             (4,3)-degree: RMS = 0.426 pixels (1/6287 outliers)
04:47:01 [ INFO  ] uves_polynomial_regression_2d_autodegree: [tid=000]             (2,6)-degree: RMS = 0.123 pixels (823/6287 outliers)
04:47:01 [ INFO  ] uves_polynomial_regression_2d_autodegree: [tid=000]             (3,5)-degree: RMS = 0.221 pixels (441/6287 outliers)
04:47:01 [ INFO  ] uves_polynomial_regression_2d_autodegree: [tid=000]             (4,4)-degree: RMS = 0.348 pixels (3/6287 outliers)
04:47:01 [ INFO  ] uves_polynomial_regression_2d_autodegree: [tid=000]             (3,6)-degree: RMS = 0.121 pixels (816/6287 outliers)
04:47:01 [ INFO  ] uves_polynomial_regression_2d_autodegree: [tid=000]             (3,7)-degree: RMS = 0.155 pixels (560/6287 outliers)
04:47:01 [ INFO  ] uves_polynomial_regression_2d_autodegree: [tid=000]             (4,5)-degree: RMS = 0.289 pixels (125/6287 outliers)
04:47:02 [ INFO  ] uves_polynomial_regression_2d_autodegree: [tid=000]             (4,6)-degree: RMS = 0.115 pixels (838/6287 outliers)
04:47:02 [ INFO  ] uves_polynomial_regression_2d_autodegree: [tid=000]             (5,5)-degree: RMS = 0.302 pixels (61/6287 outliers)
04:47:02 [ INFO  ] uves_polynomial_regression_2d_autodegree: [tid=000]             (3,8)-degree: RMS = 0.0861 pixels (842/6287 outliers)
04:47:02 [ INFO  ] uves_polynomial_regression_2d_autodegree: [tid=000]             (4,7)-degree: RMS = 0.103 pixels (855/6287 outliers)
04:47:02 [ INFO  ] uves_polynomial_regression_2d_autodegree: [tid=000]             (5,6)-degree: RMS = 0.115 pixels (906/6287 outliers)
04:47:02 [ INFO  ] uves_polynomial_regression_2d_autodegree: [tid=000]             (4,8)-degree: RMS = 0.0768 pixels (902/6287 outliers)
04:47:02 [ INFO  ] uves_polynomial_regression_2d_autodegree: [tid=000]             (4,9)-degree: RMS = 0.0769 pixels (856/6287 outliers)
04:47:03 [ INFO  ] uves_polynomial_regression_2d_autodegree: [tid=000]             (5,7)-degree: RMS = 0.155 pixels (514/6287 outliers)
04:47:03 [ INFO  ] uves_polynomial_regression_2d_autodegree: [tid=000]             (5,8)-degree: RMS = 0.074 pixels (916/6287 outliers)
04:47:03 [ INFO  ] uves_polynomial_regression_2d_autodegree: [tid=000]             (6,7)-degree: RMS = 0.157 pixels (490/6287 outliers)
04:47:03 [ INFO  ] uves_polynomial_regression_2d_autodegree: [tid=000]             (4,10)-degree: RMS = 0.0462 pixels (903/6287 outliers)
04:47:04 [ INFO  ] uves_polynomial_regression_2d_autodegree: [tid=000]             (5,9)-degree: RMS = 0.0702 pixels (907/6287 outliers)
04:47:04 [ INFO  ] uves_polynomial_regression_2d_autodegree: [tid=000]             (6,8)-degree: RMS = 0.0724 pixels (916/6287 outliers)
04:47:04 [ INFO  ] uves_polynomial_regression_2d_autodegree: [tid=000]             (6,9)-degree: RMS = 0.0738 pixels (835/6287 outliers)
04:47:05 [ INFO  ] uves_polynomial_regression_2d_autodegree: [tid=000]             (7,9)-degree: RMS = 0.0734 pixels (836/6287 outliers)
04:47:05 [ INFO  ] uves_polynomial_regression_2d_autodegree: [tid=000]             Using degree (5, 9), RMS = 0.0702 pixels
04:47:05 [ INFO  ] repeat_orderdef: [tid=000]           Average shift with respect to calibration solution is 6.08 pixels
04:47:05 [ INFO  ] opt_extract_sky: [tid=000]           Defining sky region
04:47:05 [ INFO  ] opt_extract_sky: [tid=000]             26/45 sky pixels
04:47:05 [ INFO  ] opt_extract_sky: [tid=000]           Subtracting sky (method = median of sky channels)
04:47:05 [ INFO  ] uves_extract: [tid=000]         Measuring spatial profile (method = virtual, oversampling = 10)
04:47:06 [ INFO  ] opt_measure_profile: [tid=000]             Fitting global polynomials to resampled profile (450 spatial bins)
04:47:19 [ INFO  ] uves_extract: [tid=000]         Extracting object and sky (method = optimal)
04:47:19 [ INFO  ] uves_extract: [tid=000]         Order #1: S/N = 206.99
04:47:19 [ INFO  ] uves_extract: [tid=000]         Order #2: S/N = 308.79
04:47:19 [ INFO  ] uves_extract: [tid=000]         Order #3: S/N = 306.63
04:47:19 [ INFO  ] uves_extract: [tid=000]         Order #4: S/N = 300.89
04:47:19 [ INFO  ] uves_extract: [tid=000]         Order #5: S/N = 302.92
04:47:20 [ INFO  ] uves_extract: [tid=000]         Order #6: S/N = 290.67
04:47:20 [ INFO  ] uves_extract: [tid=000]         Order #7: S/N = 273.66
04:47:20 [ INFO  ] uves_extract: [tid=000]         Order #8: S/N = 249.87
04:47:20 [ INFO  ] uves_extract: [tid=000]         Order #9: S/N = 100.67
04:47:20 [ INFO  ] uves_extract: [tid=000]         Order #10: S/N = 117.21
04:47:20 [ INFO  ] uves_extract: [tid=000]         Order #11: S/N = 279.91
04:47:20 [ INFO  ] uves_extract: [tid=000]         Order #12: S/N = 276.92
04:47:21 [ INFO  ] uves_extract: [tid=000]         Order #13: S/N = 268.27
04:47:21 [ INFO  ] uves_extract: [tid=000]         Order #14: S/N = 257.93
04:47:21 [ INFO  ] uves_extract: [tid=000]         Order #15: S/N = 245.50
04:47:21 [ INFO  ] uves_extract: [tid=000]         Order #16: S/N = 224.53
04:47:21 [ INFO  ] uves_extract: [tid=000]         Average S/N = 219.135
04:47:21 [ INFO  ] uves_extract: [tid=000]           Recomputing pixel variances
04:47:22 [ INFO  ] uves_extract: [tid=000]         Extracting object and sky (method = optimal)
04:47:22 [ INFO  ] uves_extract: [tid=000]         Order #1: S/N = 207.93
04:47:23 [ INFO  ] uves_extract: [tid=000]         Order #2: S/N = 309.81
04:47:23 [ INFO  ] uves_extract: [tid=000]         Order #3: S/N = 308.03
04:47:23 [ INFO  ] uves_extract: [tid=000]         Order #4: S/N = 301.81
04:47:23 [ INFO  ] uves_extract: [tid=000]         Order #5: S/N = 304.10
04:47:23 [ INFO  ] uves_extract: [tid=000]         Order #6: S/N = 291.58
04:47:23 [ INFO  ] uves_extract: [tid=000]         Order #7: S/N = 273.43
04:47:23 [ INFO  ] uves_extract: [tid=000]         Order #8: S/N = 250.05
04:47:23 [ INFO  ] uves_extract: [tid=000]         Order #9: S/N = 101.09
04:47:23 [ INFO  ] uves_extract: [tid=000]         Order #10: S/N = 117.96
04:47:24 [ INFO  ] uves_extract: [tid=000]         Order #11: S/N = 280.93
04:47:24 [ INFO  ] uves_extract: [tid=000]         Order #12: S/N = 278.21
04:47:24 [ INFO  ] uves_extract: [tid=000]         Order #13: S/N = 268.85
04:47:24 [ INFO  ] uves_extract: [tid=000]         Order #14: S/N = 258.74
04:47:24 [ INFO  ] uves_extract: [tid=000]         Order #15: S/N = 246.02
04:47:24 [ INFO  ] uves_extract: [tid=000]         Order #16: S/N = 224.87
04:47:24 [ INFO  ] uves_extract: [tid=000]         Average S/N = 219.941
04:47:24 [ INFO  ] extract_ff_rebin_merge: [tid=000]         62591 hot pixels were detected during optimal extraction
04:47:24 [ INFO  ] extract_ff_rebin_merge: [tid=000]       Extracting master flat field
04:47:24 [ INFO  ] uves_extract: [tid=000]           Slit length = 42.0 pixels; offset = 0.0 pixel(s)
04:47:24 [ INFO  ] uves_extract: [tid=000]         Extracting object (method = weighted)
04:47:24 [ INFO  ] extract_ff_rebin_merge: [tid=000]       Rebinning master flat spectrum
04:47:24 [ INFO  ] uves_get_wave_map: [tid=000]         Creating wave map
04:47:25 [ INFO  ] uves_save_image_local: [tid=000]         Wave map saved to 'wave_map_redu.fits'
04:47:25 [ INFO  ] extract_ff_rebin_merge: [tid=000]       Dividing by normalized master flat-field (method = extract)
04:47:25 [ INFO  ] extract_ff_rebin_merge: [tid=000]       Rebinning spectrum
04:47:25 [ INFO  ] interpolate_wave: [tid=000]         Interpolating dispersion relation at offset = -3.89
04:47:25 [ INFO  ] extract_ff_rebin_merge: [tid=000]       Rebinning spectrum noise
04:47:25 [ INFO  ] extract_ff_rebin_merge: [tid=000]       Rebinning sky spectrum
04:47:25 [ INFO  ] interpolate_wave: [tid=000]         Interpolating dispersion relation at offset = 0.00
04:47:25 [ INFO  ] extract_ff_rebin_merge: [tid=000]       Rebinning sky spectrum noise
04:47:25 [ INFO  ] extract_ff_rebin_merge: [tid=000]       Rebinning pre-flatfielded spectrum
04:47:25 [ INFO  ] extract_ff_rebin_merge: [tid=000]       Merging sky
04:47:25 [ INFO  ] uves_merge_orders: [tid=000]         delt1=0.000000 delt2=0.000000
04:47:25 [ INFO  ] extract_ff_rebin_merge: [tid=000]       Merging spectrum
04:47:25 [ INFO  ] uves_merge_orders: [tid=000]         delt1=0.000000 delt2=0.000000
04:47:25 [ INFO  ] uves_scired_process_chip: [tid=000]   Flux calibrating spectrum
04:47:25 [ INFO  ] uves_normalize_spectrum: [tid=000]     Correcting for exposure time = 44.999000 s, gain = 0.710000, binx = 1
04:47:25 [ INFO  ] uves_normalize_spectrum: [tid=000]     Correcting for extinction through airmass 2.039500
04:47:25 [ INFO  ] uves_scired_process_chip: [tid=000]   Multiplying by response function
04:47:25 [ INFO  ] uves_reduce_scired: [tid=000] Saving products...
04:47:25 [ INFO  ] uves_reduce_scired: [tid=000] Reduced science spectrum 'red_science_redu.fits' (RED_SCIENCE_REDU) added to frameset
04:47:25 [ INFO  ] uves_reduce_scired: [tid=000] Merged science spectrum 'merged_science_redu.fits' (MERGED_SCIENCE_REDU) added to frameset
04:47:25 [ INFO  ] uves_reduce_scired: [tid=000] Wavelength calibrated science spectrum 'resampled_science_redu.fits' (WCALIB_SCIENCE_REDU) added to frameset
04:47:25 [ INFO  ] uves_frameset_insert: [tid=000]   inside has bscale
04:47:25 [ INFO  ] uves_reduce_scired: [tid=000] Extraction quality table 'order_extract_qc_redu.fits' (ORDER_EXTRACT_QC_REDU) added to frameset
04:47:25 [ INFO  ] uves_reduce_scired: [tid=000] Wavelength calibrated flat-fielded science spectrum 'resampled_ff_science_redu.fits' (WCALIB_FF_SCIENCE_REDU) added to frameset
04:47:25 [ INFO  ] uves_reduce_scired: [tid=000] Wavelength calibrated flat-fielded science spectrum error 'resampled_error_ff_science_redu.fits' (ERRORBAR_WCALIB_FF_SCIENCE_REDU) added to frameset
04:47:25 [ INFO  ] uves_reduce_scired: [tid=000] Wavelength calibrated flat-field spectrum 'resampled_mflat_redu.fits' (WCALIB_FLAT_OBJ_REDU) added to frameset
04:47:25 [ INFO  ] uves_reduce_scired: [tid=000] Science spectrum error 'error_red_science_redu.fits' (ERRORBAR_SCIENCE_REDU) added to frameset
04:47:25 [ INFO  ] uves_reduce_scired: [tid=000] Flat-fielded spectrum variance 'variance_ff_science_redu.fits' (VARIANCE_SCIENCE_REDU) added to frameset
04:47:25 [ INFO  ] uves_frameset_insert: [tid=000]   inside has bscale
04:47:26 [ INFO  ] uves_reduce_scired: [tid=000] Background image 'background_redu.fits' (BKG_SCI_REDU) added to frameset
04:47:26 [ INFO  ] uves_reduce_scired: [tid=000] Order trace table 'ordertrace_redu.fits' (ORDER_TRACE_REDU) added to frameset
04:47:26 [ INFO  ] uves_reduce_scired: [tid=000] Cosmic ray table 'cr_mask_redu.fits' (CRMASK_REDU) added to frameset
04:47:26 [ INFO  ] uves_reduce_scired: [tid=000] Wave map 'wave_map_redu.fits' (WAVE_MAP_REDU) added to frameset
04:47:26 [ INFO  ] uves_reduce_scired: [tid=000] Sky spectrum 'merged_sky_redu.fits' (MERGED_SKY_REDU) added to frameset
04:47:26 [ INFO  ] uves_frameset_insert: [tid=000]   inside has bscale
04:47:26 [ INFO  ] uves_reduce_scired: [tid=000] Flux-calibrated science spectrum 'fluxcal_science_redu.fits' (FLUXCAL_SCIENCE_REDU) added to frameset
04:47:26 [ INFO  ] uves_frameset_insert: [tid=000]   inside has bscale
04:47:26 [ INFO  ] uves_reduce_scired: [tid=000] Flux-calibrated science spectrum error 'fluxcal_error_science_redu.fits' (FLUXCAL_ERRORBAR_SCIENCE_REDU) added to frameset
04:47:26 [ INFO  ] : [tid=000] Calculating product checksums
04:47:26 [ INFO  ] : [tid=000] Created product red_science_redl.fits (in place)
04:47:26 [ INFO  ] : [tid=000] Created product merged_science_redl.fits (in place)
04:47:26 [ INFO  ] : [tid=000] Created product resampled_science_redl.fits (in place)
04:47:26 [ INFO  ] : [tid=000] Created product order_extract_qc_redl.fits (in place)
04:47:26 [ INFO  ] : [tid=000] Created product resampled_ff_science_redl.fits (in place)
04:47:26 [ INFO  ] : [tid=000] Created product resampled_error_ff_science_redl.fits (in place)
04:47:26 [ INFO  ] : [tid=000] Created product resampled_mflat_redl.fits (in place)
04:47:26 [ INFO  ] : [tid=000] Created product error_red_science_redl.fits (in place)
04:47:26 [ INFO  ] : [tid=000] Created product variance_ff_science_redl.fits (in place)
04:47:26 [ INFO  ] : [tid=000] Created product background_redl.fits (in place)
04:47:26 [ INFO  ] : [tid=000] Created product ordertrace_redl.fits (in place)
04:47:26 [ INFO  ] : [tid=000] Created product cr_mask_redl.fits (in place)
04:47:26 [ INFO  ] : [tid=000] Created product wave_map_redl.fits (in place)
04:47:26 [ INFO  ] : [tid=000] Created product merged_sky_redl.fits (in place)
04:47:26 [ INFO  ] : [tid=000] Created product fluxcal_science_redl.fits (in place)
04:47:26 [ INFO  ] : [tid=000] Created product fluxcal_error_science_redl.fits (in place)
04:47:26 [ INFO  ] : [tid=000] Created product red_science_redu.fits (in place)
04:47:26 [ INFO  ] : [tid=000] Created product merged_science_redu.fits (in place)
04:47:26 [ INFO  ] : [tid=000] Created product resampled_science_redu.fits (in place)
04:47:26 [ INFO  ] : [tid=000] Created product order_extract_qc_redu.fits (in place)
04:47:26 [ INFO  ] : [tid=000] Created product resampled_ff_science_redu.fits (in place)
04:47:26 [ INFO  ] : [tid=000] Created product resampled_error_ff_science_redu.fits (in place)
04:47:26 [ INFO  ] : [tid=000] Created product resampled_mflat_redu.fits (in place)
04:47:26 [ INFO  ] : [tid=000] Created product error_red_science_redu.fits (in place)
04:47:26 [ INFO  ] : [tid=000] Created product variance_ff_science_redu.fits (in place)
04:47:26 [ INFO  ] : [tid=000] Created product background_redu.fits (in place)
04:47:26 [ INFO  ] : [tid=000] Created product ordertrace_redu.fits (in place)
04:47:26 [ INFO  ] : [tid=000] Created product cr_mask_redu.fits (in place)
04:47:26 [ INFO  ] : [tid=000] Created product wave_map_redu.fits (in place)
04:47:26 [ INFO  ] : [tid=000] Created product merged_sky_redu.fits (in place)
04:47:26 [ INFO  ] : [tid=000] Created product fluxcal_science_redu.fits (in place)
04:47:26 [ INFO  ] : [tid=000] Created product fluxcal_error_science_redu.fits (in place)
04:47:26 [ INFO  ] : [tid=000] 32 products created
04:47:26 [ INFO  ] : [tid=000] Recipe operation(s) took           78.7 seconds to complete.
04:47:26 [ INFO  ] : [tid=000] Size of single raw input frame  =    35.24 MB

04:47:26 [ INFO  ] : [tid=000] => processing rate of     0.45 MB/sec 

